2024-04-22 13:25:37,200 [ERROR] Error executing function i13afor view sv01: [Errno 2] No such file or directory: 'aggregator/aggregator/bugsfix/dg01_pv01_i13a_sv01_data.json'
2024-04-22 13:25:37,201 [ERROR] Error executing function i13afor view sv02: [Errno 2] No such file or directory: 'aggregator/aggregator/bugsfix/dg01_pv01_i13a_sv02_data.json'
2024-04-22 13:25:37,202 [ERROR] Error executing function i13afor view sv05: [Errno 2] No such file or directory: 'aggregator/aggregator/bugsfix/dg01_pv01_i13a_sv05_data.json'
2024-04-22 13:25:37,288 [ERROR] Error executing function i13afor view sv06: [Errno 2] No such file or directory: 'aggregator/aggregator/bugsfix/dg01_pv01_i13a_sv06_data.json'
2024-04-22 13:25:37,296 [ERROR] Error executing function i13afor view sv09: [Errno 2] No such file or directory: 'aggregator/aggregator/bugsfix/dg01_pv01_i13a_sv09_data.json'
2024-04-22 13:25:37,321 [ERROR] Error executing function i13afor view sv10: [Errno 2] No such file or directory: 'aggregator/aggregator/bugsfix/dg01_pv01_i13a_sv10_data.json'
2024-04-22 13:25:37,331 [ERROR] Error executing function i13afor view sv11: [Errno 2] No such file or directory: 'aggregator/aggregator/bugsfix/dg01_pv01_i13a_sv11_data.json'
2024-04-22 13:25:37,332 [ERROR] Error executing function i13afor view sv12: [Errno 2] No such file or directory: 'aggregator/aggregator/bugsfix/dg01_pv01_i13a_sv12_data.json'
2024-04-22 13:25:37,333 [ERROR] Error executing function i13afor view sv25: [Errno 2] No such file or directory: 'aggregator/aggregator/bugsfix/dg01_pv01_i13a_sv25_data.json'
2024-04-22 13:25:55,849 [ERROR] Error executing function i29for view sv25.01: [Errno 2] No such file or directory: 'aggregator/aggregator/bugsfix/dg01_pv01_i29_sv25.01_data.json'
2024-04-22 13:25:55,850 [ERROR] Error executing function i29for view sv01: [Errno 2] No such file or directory: 'aggregator/aggregator/bugsfix/dg01_pv01_i29_sv01_data.json'
2024-04-22 13:25:55,900 [ERROR] Error executing function i29for view sv06: [Errno 2] No such file or directory: 'aggregator/aggregator/bugsfix/dg01_pv01_i29_sv06_data.json'
2024-04-22 13:25:55,905 [ERROR] Error executing function i29for view sv09: [Errno 2] No such file or directory: 'aggregator/aggregator/bugsfix/dg01_pv01_i29_sv09_data.json'
2024-04-22 13:25:55,905 [ERROR] Error executing function i29for view sv12: [Errno 2] No such file or directory: 'aggregator/aggregator/bugsfix/dg01_pv01_i29_sv12_data.json'
2024-04-22 13:25:55,906 [ERROR] Error executing function i29for view sv25: [Errno 2] No such file or directory: 'aggregator/aggregator/bugsfix/dg01_pv01_i29_sv25_data.json'
2024-04-22 13:26:16,930 [ERROR] Error calculating i29q[sv25.01]: module 'utils.uf' has no attribute 'inner_secondary_view_per_year'
2024-04-22 13:26:32,084 [ERROR] Error executing function i29for view sv25.01: [Errno 2] No such file or directory: 'aggregator/aggregator/bugsfix/dg01_pv01_i29_sv25.01_data.json'
2024-04-22 13:26:32,084 [ERROR] Error executing function i29for view sv01: [Errno 2] No such file or directory: 'aggregator/aggregator/bugsfix/dg01_pv01_i29_sv01_data.json'
2024-04-22 13:26:32,109 [ERROR] Error executing function i29for view sv06: [Errno 2] No such file or directory: 'aggregator/aggregator/bugsfix/dg01_pv01_i29_sv06_data.json'
2024-04-22 13:26:32,113 [ERROR] Error executing function i29for view sv09: [Errno 2] No such file or directory: 'aggregator/aggregator/bugsfix/dg01_pv01_i29_sv09_data.json'
2024-04-22 13:26:32,114 [ERROR] Error executing function i29for view sv12: [Errno 2] No such file or directory: 'aggregator/aggregator/bugsfix/dg01_pv01_i29_sv12_data.json'
2024-04-22 13:26:32,114 [ERROR] Error executing function i29for view sv25: [Errno 2] No such file or directory: 'aggregator/aggregator/bugsfix/dg01_pv01_i29_sv25_data.json'
2024-04-22 13:26:32,115 [ERROR] Error executing function i29qfor view sv01: [Errno 2] No such file or directory: 'aggregator/aggregator/bugsfix/dg01_pv01_i29q_sv01_data.json'
2024-04-22 13:26:32,116 [ERROR] Error executing function i29qfor view sv09: [Errno 2] No such file or directory: 'aggregator/aggregator/bugsfix/dg01_pv01_i29q_sv09_data.json'
2024-04-22 13:26:32,116 [ERROR] Error executing function i29qfor view sv12: [Errno 2] No such file or directory: 'aggregator/aggregator/bugsfix/dg01_pv01_i29q_sv12_data.json'
2024-04-22 13:26:32,117 [ERROR] Error executing function i29qfor view sv25: [Errno 2] No such file or directory: 'aggregator/aggregator/bugsfix/dg01_pv01_i29q_sv25_data.json'
2024-04-22 13:26:32,118 [ERROR] Error executing function i29afor view sv01: [Errno 2] No such file or directory: 'aggregator/aggregator/bugsfix/dg01_pv01_i29a_sv01_data.json'
2024-04-22 13:26:32,119 [ERROR] Error executing function i29afor view sv09: [Errno 2] No such file or directory: 'aggregator/aggregator/bugsfix/dg01_pv01_i29a_sv09_data.json'
2024-04-22 13:26:32,119 [ERROR] Error executing function i29afor view sv12: [Errno 2] No such file or directory: 'aggregator/aggregator/bugsfix/dg01_pv01_i29a_sv12_data.json'
2024-04-22 13:26:32,120 [ERROR] Error executing function i29afor view sv25: [Errno 2] No such file or directory: 'aggregator/aggregator/bugsfix/dg01_pv01_i29a_sv25_data.json'
2024-04-22 13:56:16,845 [ERROR] Error executing function i13afor view sv01: [Errno 2] No such file or directory: '/aggregator/bugsfix/dg01_pv01_i13a_sv01_data.json'
2024-04-22 13:56:16,845 [ERROR] Error executing function i13afor view sv02: [Errno 2] No such file or directory: '/aggregator/bugsfix/dg01_pv01_i13a_sv02_data.json'
2024-04-22 13:56:16,846 [ERROR] Error executing function i13afor view sv05: [Errno 2] No such file or directory: '/aggregator/bugsfix/dg01_pv01_i13a_sv05_data.json'
2024-04-22 13:56:16,933 [ERROR] Error executing function i13afor view sv06: [Errno 2] No such file or directory: '/aggregator/bugsfix/dg01_pv01_i13a_sv06_data.json'
2024-04-22 13:56:16,941 [ERROR] Error executing function i13afor view sv09: [Errno 2] No such file or directory: '/aggregator/bugsfix/dg01_pv01_i13a_sv09_data.json'
2024-04-22 13:56:16,966 [ERROR] Error executing function i13afor view sv10: [Errno 2] No such file or directory: '/aggregator/bugsfix/dg01_pv01_i13a_sv10_data.json'
2024-04-22 13:56:16,976 [ERROR] Error executing function i13afor view sv11: [Errno 2] No such file or directory: '/aggregator/bugsfix/dg01_pv01_i13a_sv11_data.json'
2024-04-22 13:56:16,977 [ERROR] Error executing function i13afor view sv12: [Errno 2] No such file or directory: '/aggregator/bugsfix/dg01_pv01_i13a_sv12_data.json'
2024-04-22 13:56:16,978 [ERROR] Error executing function i13afor view sv25: [Errno 2] No such file or directory: '/aggregator/bugsfix/dg01_pv01_i13a_sv25_data.json'
2024-04-22 13:56:35,610 [ERROR] Error executing function i29for view sv25.01: [Errno 2] No such file or directory: '/aggregator/bugsfix/dg01_pv01_i29_sv25.01_data.json'
2024-04-22 13:56:35,611 [ERROR] Error executing function i29for view sv01: [Errno 2] No such file or directory: '/aggregator/bugsfix/dg01_pv01_i29_sv01_data.json'
2024-04-22 13:56:35,657 [ERROR] Error executing function i29for view sv06: [Errno 2] No such file or directory: '/aggregator/bugsfix/dg01_pv01_i29_sv06_data.json'
2024-04-22 13:56:35,661 [ERROR] Error executing function i29for view sv09: [Errno 2] No such file or directory: '/aggregator/bugsfix/dg01_pv01_i29_sv09_data.json'
2024-04-22 13:56:35,662 [ERROR] Error executing function i29for view sv12: [Errno 2] No such file or directory: '/aggregator/bugsfix/dg01_pv01_i29_sv12_data.json'
2024-04-22 13:56:35,662 [ERROR] Error executing function i29for view sv25: [Errno 2] No such file or directory: '/aggregator/bugsfix/dg01_pv01_i29_sv25_data.json'
2024-04-22 13:56:53,706 [ERROR] Error calculating i29q[sv25.01]: module 'utils.uf' has no attribute 'inner_secondary_view_per_year'
2024-04-22 13:57:05,182 [ERROR] Error executing function i29for view sv25.01: [Errno 2] No such file or directory: '/aggregator/bugsfix/dg01_pv01_i29_sv25.01_data.json'
2024-04-22 13:57:05,183 [ERROR] Error executing function i29for view sv01: [Errno 2] No such file or directory: '/aggregator/bugsfix/dg01_pv01_i29_sv01_data.json'
2024-04-22 13:57:05,207 [ERROR] Error executing function i29for view sv06: [Errno 2] No such file or directory: '/aggregator/bugsfix/dg01_pv01_i29_sv06_data.json'
2024-04-22 13:57:05,211 [ERROR] Error executing function i29for view sv09: [Errno 2] No such file or directory: '/aggregator/bugsfix/dg01_pv01_i29_sv09_data.json'
2024-04-22 13:57:05,211 [ERROR] Error executing function i29for view sv12: [Errno 2] No such file or directory: '/aggregator/bugsfix/dg01_pv01_i29_sv12_data.json'
2024-04-22 13:57:05,212 [ERROR] Error executing function i29for view sv25: [Errno 2] No such file or directory: '/aggregator/bugsfix/dg01_pv01_i29_sv25_data.json'
2024-04-22 13:57:05,213 [ERROR] Error executing function i29qfor view sv01: [Errno 2] No such file or directory: '/aggregator/bugsfix/dg01_pv01_i29q_sv01_data.json'
2024-04-22 13:57:05,214 [ERROR] Error executing function i29qfor view sv09: [Errno 2] No such file or directory: '/aggregator/bugsfix/dg01_pv01_i29q_sv09_data.json'
2024-04-22 13:57:05,214 [ERROR] Error executing function i29qfor view sv12: [Errno 2] No such file or directory: '/aggregator/bugsfix/dg01_pv01_i29q_sv12_data.json'
2024-04-22 13:57:05,215 [ERROR] Error executing function i29qfor view sv25: [Errno 2] No such file or directory: '/aggregator/bugsfix/dg01_pv01_i29q_sv25_data.json'
2024-04-22 13:57:05,216 [ERROR] Error executing function i29afor view sv01: [Errno 2] No such file or directory: '/aggregator/bugsfix/dg01_pv01_i29a_sv01_data.json'
2024-04-22 13:57:05,217 [ERROR] Error executing function i29afor view sv09: [Errno 2] No such file or directory: '/aggregator/bugsfix/dg01_pv01_i29a_sv09_data.json'
2024-04-22 13:57:05,217 [ERROR] Error executing function i29afor view sv12: [Errno 2] No such file or directory: '/aggregator/bugsfix/dg01_pv01_i29a_sv12_data.json'
2024-04-22 13:57:05,218 [ERROR] Error executing function i29afor view sv25: [Errno 2] No such file or directory: '/aggregator/bugsfix/dg01_pv01_i29a_sv25_data.json'
2024-04-22 14:02:19,551 [ERROR] Error executing function i13afor view sv01: [Errno 2] No such file or directory: '/aggregator/bugsfix/dg01_pv01_i13a_sv01_data.json'
2024-04-22 14:02:19,552 [ERROR] Error executing function i13afor view sv02: [Errno 2] No such file or directory: '/aggregator/bugsfix/dg01_pv01_i13a_sv02_data.json'
2024-04-22 14:02:19,553 [ERROR] Error executing function i13afor view sv05: [Errno 2] No such file or directory: '/aggregator/bugsfix/dg01_pv01_i13a_sv05_data.json'
2024-04-22 14:02:19,634 [ERROR] Error executing function i13afor view sv06: [Errno 2] No such file or directory: '/aggregator/bugsfix/dg01_pv01_i13a_sv06_data.json'
2024-04-22 14:02:19,642 [ERROR] Error executing function i13afor view sv09: [Errno 2] No such file or directory: '/aggregator/bugsfix/dg01_pv01_i13a_sv09_data.json'
2024-04-22 14:02:19,666 [ERROR] Error executing function i13afor view sv10: [Errno 2] No such file or directory: '/aggregator/bugsfix/dg01_pv01_i13a_sv10_data.json'
2024-04-22 14:02:19,676 [ERROR] Error executing function i13afor view sv11: [Errno 2] No such file or directory: '/aggregator/bugsfix/dg01_pv01_i13a_sv11_data.json'
2024-04-22 14:02:19,676 [ERROR] Error executing function i13afor view sv12: [Errno 2] No such file or directory: '/aggregator/bugsfix/dg01_pv01_i13a_sv12_data.json'
2024-04-22 14:02:19,677 [ERROR] Error executing function i13afor view sv25: [Errno 2] No such file or directory: '/aggregator/bugsfix/dg01_pv01_i13a_sv25_data.json'
2024-04-22 14:02:38,884 [ERROR] Error executing function i29for view sv25.01: [Errno 2] No such file or directory: '/aggregator/bugsfix/dg01_pv01_i29_sv25.01_data.json'
2024-04-22 14:02:38,884 [ERROR] Error executing function i29for view sv01: [Errno 2] No such file or directory: '/aggregator/bugsfix/dg01_pv01_i29_sv01_data.json'
2024-04-22 14:02:38,933 [ERROR] Error executing function i29for view sv06: [Errno 2] No such file or directory: '/aggregator/bugsfix/dg01_pv01_i29_sv06_data.json'
2024-04-22 14:02:38,937 [ERROR] Error executing function i29for view sv09: [Errno 2] No such file or directory: '/aggregator/bugsfix/dg01_pv01_i29_sv09_data.json'
2024-04-22 14:02:38,937 [ERROR] Error executing function i29for view sv12: [Errno 2] No such file or directory: '/aggregator/bugsfix/dg01_pv01_i29_sv12_data.json'
2024-04-22 14:02:38,938 [ERROR] Error executing function i29for view sv25: [Errno 2] No such file or directory: '/aggregator/bugsfix/dg01_pv01_i29_sv25_data.json'
2024-04-22 14:03:13,374 [ERROR] Error executing function i29for view sv25.01: [Errno 2] No such file or directory: '/aggregator/bugsfix/dg01_pv01_i29_sv25.01_data.json'
2024-04-22 14:03:13,374 [ERROR] Error executing function i29for view sv01: [Errno 2] No such file or directory: '/aggregator/bugsfix/dg01_pv01_i29_sv01_data.json'
2024-04-22 14:03:13,444 [ERROR] Error executing function i29for view sv06: [Errno 2] No such file or directory: '/aggregator/bugsfix/dg01_pv01_i29_sv06_data.json'
2024-04-22 14:03:13,450 [ERROR] Error executing function i29for view sv09: [Errno 2] No such file or directory: '/aggregator/bugsfix/dg01_pv01_i29_sv09_data.json'
2024-04-22 14:03:13,451 [ERROR] Error executing function i29for view sv12: [Errno 2] No such file or directory: '/aggregator/bugsfix/dg01_pv01_i29_sv12_data.json'
2024-04-22 14:03:13,452 [ERROR] Error executing function i29for view sv25: [Errno 2] No such file or directory: '/aggregator/bugsfix/dg01_pv01_i29_sv25_data.json'
2024-04-22 14:03:13,453 [ERROR] Error executing function i29qfor view sv01: [Errno 2] No such file or directory: '/aggregator/bugsfix/dg01_pv01_i29q_sv01_data.json'
2024-04-22 14:03:13,454 [ERROR] Error executing function i29qfor view sv09: [Errno 2] No such file or directory: '/aggregator/bugsfix/dg01_pv01_i29q_sv09_data.json'
2024-04-22 14:03:13,454 [ERROR] Error executing function i29qfor view sv12: [Errno 2] No such file or directory: '/aggregator/bugsfix/dg01_pv01_i29q_sv12_data.json'
2024-04-22 14:03:13,455 [ERROR] Error executing function i29qfor view sv25: [Errno 2] No such file or directory: '/aggregator/bugsfix/dg01_pv01_i29q_sv25_data.json'
2024-04-22 14:03:13,456 [ERROR] Error executing function i29afor view sv01: [Errno 2] No such file or directory: '/aggregator/bugsfix/dg01_pv01_i29a_sv01_data.json'
2024-04-22 14:03:13,457 [ERROR] Error executing function i29afor view sv09: [Errno 2] No such file or directory: '/aggregator/bugsfix/dg01_pv01_i29a_sv09_data.json'
2024-04-22 14:03:13,457 [ERROR] Error executing function i29afor view sv12: [Errno 2] No such file or directory: '/aggregator/bugsfix/dg01_pv01_i29a_sv12_data.json'
2024-04-22 14:03:13,459 [ERROR] Error executing function i29afor view sv25: [Errno 2] No such file or directory: '/aggregator/bugsfix/dg01_pv01_i29a_sv25_data.json'
2024-04-22 14:05:15,865 [ERROR] Error executing function i01for view sv00: [Errno 2] No such file or directory: '/aggregator/bugsfix/dg01_pv01_i01_sv00_data.json'
2024-04-22 14:05:15,867 [ERROR] Error executing function i01for view sv01: [Errno 2] No such file or directory: '/aggregator/bugsfix/dg01_pv01_i01_sv01_data.json'
2024-04-22 14:05:15,868 [ERROR] Error executing function i01for view sv02: [Errno 2] No such file or directory: '/aggregator/bugsfix/dg01_pv01_i01_sv02_data.json'
2024-04-22 14:05:15,869 [ERROR] Error executing function i01for view sv03: [Errno 2] No such file or directory: '/aggregator/bugsfix/dg01_pv01_i01_sv03_data.json'
2024-04-22 14:05:15,870 [ERROR] Error executing function i01for view sv05: [Errno 2] No such file or directory: '/aggregator/bugsfix/dg01_pv01_i01_sv05_data.json'
2024-04-22 14:05:15,975 [ERROR] Error executing function i01for view sv06: [Errno 2] No such file or directory: '/aggregator/bugsfix/dg01_pv01_i01_sv06_data.json'
2024-04-22 14:05:15,982 [ERROR] Error executing function i01for view sv09: [Errno 2] No such file or directory: '/aggregator/bugsfix/dg01_pv01_i01_sv09_data.json'
2024-04-22 14:05:16,009 [ERROR] Error executing function i01for view sv10: [Errno 2] No such file or directory: '/aggregator/bugsfix/dg01_pv01_i01_sv10_data.json'
2024-04-22 14:05:16,018 [ERROR] Error executing function i01for view sv11: [Errno 2] No such file or directory: '/aggregator/bugsfix/dg01_pv01_i01_sv11_data.json'
2024-04-22 14:05:16,019 [ERROR] Error executing function i01for view sv12: [Errno 2] No such file or directory: '/aggregator/bugsfix/dg01_pv01_i01_sv12_data.json'
2024-04-22 14:08:49,899 [INFO] For Indicator i01 Secondary view sv00 file created.
2024-04-22 14:08:49,901 [INFO] For Indicator i01 Secondary view sv01 file created.
2024-04-22 14:08:49,903 [INFO] For Indicator i01 Secondary view sv02 file created.
2024-04-22 14:08:49,904 [INFO] For Indicator i01 Secondary view sv03 file created.
2024-04-22 14:08:49,905 [INFO] For Indicator i01 Secondary view sv05 file created.
2024-04-22 14:08:50,008 [INFO] For Indicator i01 Secondary view sv06 file created.
2024-04-22 14:08:50,018 [INFO] For Indicator i01 Secondary view sv09 file created.
2024-04-22 14:08:50,046 [INFO] For Indicator i01 Secondary view sv10 file created.
2024-04-22 14:08:50,057 [INFO] For Indicator i01 Secondary view sv11 file created.
2024-04-22 14:08:50,058 [INFO] For Indicator i01 Secondary view sv12 file created.
2024-04-22 14:10:02,623 [ERROR] Error executing function i01for view sv00: [Errno 2] No such file or directory: 'aggregator/bugsfix/dg01_pv01_i01_sv00_data.json'
2024-04-22 14:10:02,625 [ERROR] Error executing function i01for view sv01: [Errno 2] No such file or directory: 'aggregator/bugsfix/dg01_pv01_i01_sv01_data.json'
2024-04-22 14:10:02,627 [ERROR] Error executing function i01for view sv02: [Errno 2] No such file or directory: 'aggregator/bugsfix/dg01_pv01_i01_sv02_data.json'
2024-04-22 14:10:02,627 [ERROR] Error executing function i01for view sv03: [Errno 2] No such file or directory: 'aggregator/bugsfix/dg01_pv01_i01_sv03_data.json'
2024-04-22 14:10:02,628 [ERROR] Error executing function i01for view sv05: [Errno 2] No such file or directory: 'aggregator/bugsfix/dg01_pv01_i01_sv05_data.json'
2024-04-22 14:10:02,728 [ERROR] Error executing function i01for view sv06: [Errno 2] No such file or directory: 'aggregator/bugsfix/dg01_pv01_i01_sv06_data.json'
2024-04-22 14:10:02,738 [ERROR] Error executing function i01for view sv09: [Errno 2] No such file or directory: 'aggregator/bugsfix/dg01_pv01_i01_sv09_data.json'
2024-04-22 14:10:02,766 [ERROR] Error executing function i01for view sv10: [Errno 2] No such file or directory: 'aggregator/bugsfix/dg01_pv01_i01_sv10_data.json'
2024-04-22 14:10:02,777 [ERROR] Error executing function i01for view sv11: [Errno 2] No such file or directory: 'aggregator/bugsfix/dg01_pv01_i01_sv11_data.json'
2024-04-22 14:10:02,777 [ERROR] Error executing function i01for view sv12: [Errno 2] No such file or directory: 'aggregator/bugsfix/dg01_pv01_i01_sv12_data.json'
2024-04-22 14:11:12,215 [INFO] For Indicator i01 Secondary view sv00 file created.
2024-04-22 14:11:12,217 [INFO] For Indicator i01 Secondary view sv01 file created.
2024-04-22 14:11:12,219 [INFO] For Indicator i01 Secondary view sv02 file created.
2024-04-22 14:11:12,220 [INFO] For Indicator i01 Secondary view sv03 file created.
2024-04-22 14:11:12,221 [INFO] For Indicator i01 Secondary view sv05 file created.
2024-04-22 14:11:12,320 [INFO] For Indicator i01 Secondary view sv06 file created.
2024-04-22 14:11:12,328 [INFO] For Indicator i01 Secondary view sv09 file created.
2024-04-22 14:11:12,356 [INFO] For Indicator i01 Secondary view sv10 file created.
2024-04-22 14:11:12,366 [INFO] For Indicator i01 Secondary view sv11 file created.
2024-04-22 14:11:12,367 [INFO] For Indicator i01 Secondary view sv12 file created.
2024-04-23 04:14:16,476 [INFO] For Indicator i01 Secondary view sv00 file created.
2024-04-23 04:14:16,494 [INFO] For Indicator i01 Secondary view sv01 file created.
2024-04-23 04:14:16,496 [INFO] For Indicator i01 Secondary view sv02 file created.
2024-04-23 04:14:16,496 [INFO] For Indicator i01 Secondary view sv03 file created.
2024-04-23 04:14:16,498 [INFO] For Indicator i01 Secondary view sv05 file created.
2024-04-23 04:14:16,589 [INFO] For Indicator i01 Secondary view sv06 file created.
2024-04-23 04:14:16,596 [INFO] For Indicator i01 Secondary view sv09 file created.
2024-04-23 04:14:16,622 [INFO] For Indicator i01 Secondary view sv10 file created.
2024-04-23 04:14:16,632 [INFO] For Indicator i01 Secondary view sv11 file created.
2024-04-23 04:14:16,633 [INFO] For Indicator i01 Secondary view sv12 file created.
